<?xml version="1.0" encoding="UTF-8" ?>
<testsuite tests="1" failures="0" name="com.ntl.ata.project.AppTest" time="0" errors="1" skipped="0">
  <properties>
[...]
</properties>
  <testcase classname="com.ntl.ata.project.AppTest" name="initializationError0" time="0">
    <error message="Test class should have public zero-argument constructor" type="java.lang.Exception">java.lang.Exception: Test class should have public zero-argument constructor
	at org.junit.internal.runners.MethodValidator.validateNoArgConstructor(MethodValidator.java:55)
	at org.junit.internal.runners.MethodValidator.validateAllMethods(MethodValidator.java:40)
	at org.junit.internal.runners.TestClassRunner.validate(TestClassRunner.java:33)
	at org.junit.internal.runners.TestClassRunner.&lt;init&gt;(TestClassRunner.java:27)
	at org.junit.runners.Suite.&lt;init&gt;(Suite.java:50)
	at org.junit.runners.Suite.&lt;init&gt;(Suite.java:36)
	at java.base/jdk.internal.reflect.NativeConstructorAccessorImpl.newInstance0(Native Method)
	at java.base/jdk.internal.reflect.NativeConstructorAccessorImpl.newInstance(NativeConstructorAccessorImpl.java:62)
	at java.base/jdk.internal.reflect.DelegatingConstructorAccessorImpl.newInstance(DelegatingConstructorAccessorImpl.java:45)
	at java.base/java.lang.reflect.Constructor.newInstance(Constructor.java:488)
	at org.junit.internal.requests.ClassRequest.getRunner(ClassRequest.java:23)
	at org.apache.maven.surefire.junit4.JUnit4Provider.execute(JUnit4Provider.java:250)
	at org.apache.maven.surefire.junit4.JUnit4Provider.executeTestSet(JUnit4Provider.java:141)
	at org.apache.maven.surefire.junit4.JUnit4Provider.invoke(JUnit4Provider.java:112)
	at java.base/jdk.internal.reflect.NativeMethodAccessorImpl.invoke0(Native Method)
	at java.base/jdk.internal.reflect.NativeMethodAccessorImpl.invoke(NativeMethodAccessorImpl.java:62)
	at java.base/jdk.internal.reflect.DelegatingMethodAccessorImpl.invoke(DelegatingMethodAccessorImpl.java:43)
	at java.base/java.lang.reflect.Method.invoke(Method.java:564)
	at org.apache.maven.surefire.util.ReflectionUtils.invokeMethodWithArray(ReflectionUtils.java:189)
	at org.apache.maven.surefire.booter.ProviderFactory$ProviderProxy.invoke(ProviderFactory.java:165)
	at org.apache.maven.surefire.booter.ProviderFactory.invokeProvider(ProviderFactory.java:85)
	at org.apache.maven.surefire.booter.ForkedBooter.runSuitesInProcess(ForkedBooter.java:115)
	at org.apache.maven.surefire.booter.ForkedBooter.main(ForkedBooter.java:75)
Caused by: java.lang.NoSuchMethodException: com.ntl.ata.project.AppTest.&lt;init&gt;()
	at java.base/java.lang.Class.getConstructor0(Class.java:3302)
	at java.base/java.lang.Class.getConstructor(Class.java:2110)
	at org.junit.internal.runners.MethodValidator.validateNoArgConstructor(MethodValidator.java:53)
	... 22 more
</error>
  </testcase>
</testsuite>